# JRE version: Java(TM) SE Runtime Environment (8.0_144-b01) (build 1.8.0_144-b01)
# Java VM: Java HotSpot(TM) 64-Bit Server VM (25.144-b01 mixed mode windows-amd64 compressed oops)
Heap:
 PSYoungGen      total 162816K, used 153400K [0x00000000d5d80000, 0x00000000ea480000, 0x0000000100000000)
  eden space 112128K, 91% used [0x00000000d5d80000,0x00000000dc1ce2e8,0x00000000dcb00000)
  from space 50688K, 100% used [0x00000000dcb00000,0x00000000dfc80000,0x00000000dfc80000)
  to   space 63488K, 0% used [0x00000000e6680000,0x00000000e6680000,0x00000000ea480000)
 ParOldGen       total 172544K, used 86394K [0x0000000081800000, 0x000000008c080000, 0x00000000d5d80000)
  object space 172544K, 50% used [0x0000000081800000,0x0000000086c5eb58,0x000000008c080000)
 Metaspace       used 23419K, capacity 23690K, committed 23936K, reserved 1071104K
  class space    used 2842K, capacity 2907K, committed 2944K, reserved 1048576K
GC Heap History (10 events):
Event: 7.775 GC heap before
{Heap before GC invocations=5 (full 1):
 PSYoungGen      total 38400K, used 33280K [0x00000000d5d80000, 0x00000000da880000, 0x0000000100000000)
  eden space 33280K, 100% used [0x00000000d5d80000,0x00000000d7e00000,0x00000000d7e00000)
  from space 5120K, 0% used [0x00000000d7e00000,0x00000000d7e00000,0x00000000d8300000)
  to   space 5120K, 0% used [0x00000000da380000,0x00000000da380000,0x00000000da880000)
 ParOldGen       total 121344K, used 36567K [0x0000000081800000, 0x0000000088e80000, 0x00000000d5d80000)
  object space 121344K, 30% used [0x0000000081800000,0x0000000083bb5e80,0x0000000088e80000)
 Metaspace       used 22542K, capacity 22742K, committed 23168K, reserved 1069056K
  class space    used 2800K, capacity 2873K, committed 2944K, reserved 1048576K
Event: 7.795 GC heap after
Heap after GC invocations=5 (full 1):
 PSYoungGen      total 65024K, used 5120K [0x00000000d5d80000, 0x00000000da880000, 0x0000000100000000)
  eden space 59904K, 0% used [0x00000000d5d80000,0x00000000d5d80000,0x00000000d9800000)
  from space 5120K, 100% used [0x00000000da380000,0x00000000da880000,0x00000000da880000)
  to   space 5120K, 0% used [0x00000000d9e80000,0x00000000d9e80000,0x00000000da380000)
 ParOldGen       total 121344K, used 51712K [0x0000000081800000, 0x0000000088e80000, 0x00000000d5d80000)
  object space 121344K, 42% used [0x0000000081800000,0x0000000084a80390,0x0000000088e80000)
 Metaspace       used 22542K, capacity 22742K, committed 23168K, reserved 1069056K
  class space    used 2800K, capacity 2873K, committed 2944K, reserved 1048576K
}
Event: 8.312 GC heap before
{Heap before GC invocations=6 (full 1):
 PSYoungGen      total 65024K, used 65024K [0x00000000d5d80000, 0x00000000da880000, 0x0000000100000000)
  eden space 59904K, 100% used [0x00000000d5d80000,0x00000000d9800000,0x00000000d9800000)
  from space 5120K, 100% used [0x00000000da380000,0x00000000da880000,0x00000000da880000)
  to   space 5120K, 0% used [0x00000000d9e80000,0x00000000d9e80000,0x00000000da380000)
 ParOldGen       total 121344K, used 51712K [0x0000000081800000, 0x0000000088e80000, 0x00000000d5d80000)
  object space 121344K, 42% used [0x0000000081800000,0x0000000084a80390,0x0000000088e80000)
 Metaspace       used 22741K, capacity 22934K, committed 23168K, reserved 1069056K
  class space    used 2801K, capacity 2873K, committed 2944K, reserved 1048576K
Event: 8.367 GC heap after
Heap after GC invocations=6 (full 1):
 PSYoungGen      total 71680K, used 5120K [0x00000000d5d80000, 0x00000000e2e00000, 0x0000000100000000)
  eden space 66560K, 0% used [0x00000000d5d80000,0x00000000d5d80000,0x00000000d9e80000)
  from space 5120K, 100% used [0x00000000d9e80000,0x00000000da380000,0x00000000da380000)
  to   space 50688K, 0% used [0x00000000dfc80000,0x00000000dfc80000,0x00000000e2e00000)
 ParOldGen       total 121344K, used 83368K [0x0000000081800000, 0x0000000088e80000, 0x00000000d5d80000)
  object space 121344K, 68% used [0x0000000081800000,0x000000008696a390,0x0000000088e80000)
 Metaspace       used 22741K, capacity 22934K, committed 23168K, reserved 1069056K
  class space    used 2801K, capacity 2873K, committed 2944K, reserved 1048576K
}
Event: 8.367 GC heap before
{Heap before GC invocations=7 (full 2):
 PSYoungGen      total 71680K, used 5120K [0x00000000d5d80000, 0x00000000e2e00000, 0x0000000100000000)
  eden space 66560K, 0% used [0x00000000d5d80000,0x00000000d5d80000,0x00000000d9e80000)
  from space 5120K, 100% used [0x00000000d9e80000,0x00000000da380000,0x00000000da380000)
  to   space 50688K, 0% used [0x00000000dfc80000,0x00000000dfc80000,0x00000000e2e00000)
 ParOldGen       total 121344K, used 83368K [0x0000000081800000, 0x0000000088e80000, 0x00000000d5d80000)
  object space 121344K, 68% used [0x0000000081800000,0x000000008696a390,0x0000000088e80000)
 Metaspace       used 22741K, capacity 22934K, committed 23168K, reserved 1069056K
  class space    used 2801K, capacity 2873K, committed 2944K, reserved 1048576K
Event: 8.482 GC heap after
Heap after GC invocations=7 (full 2):
 PSYoungGen      total 71680K, used 0K [0x00000000d5d80000, 0x00000000e2e00000, 0x0000000100000000)
  eden space 66560K, 0% used [0x00000000d5d80000,0x00000000d5d80000,0x00000000d9e80000)
  from space 5120K, 0% used [0x00000000d9e80000,0x00000000d9e80000,0x00000000da380000)
  to   space 50688K, 0% used [0x00000000dfc80000,0x00000000dfc80000,0x00000000e2e00000)
 ParOldGen       total 172544K, used 76778K [0x0000000081800000, 0x000000008c080000, 0x00000000d5d80000)
  object space 172544K, 44% used [0x0000000081800000,0x00000000862fab58,0x000000008c080000)
 Metaspace       used 22741K, capacity 22934K, committed 23168K, reserved 1069056K
  class space    used 2801K, capacity 2873K, committed 2944K, reserved 1048576K
}
Event: 8.789 GC heap before
{Heap before GC invocations=8 (full 2):
 PSYoungGen      total 71680K, used 66560K [0x00000000d5d80000, 0x00000000e2e00000, 0x0000000100000000)
  eden space 66560K, 100% used [0x00000000d5d80000,0x00000000d9e80000,0x00000000d9e80000)
  from space 5120K, 0% used [0x00000000d9e80000,0x00000000d9e80000,0x00000000da380000)
  to   space 50688K, 0% used [0x00000000dfc80000,0x00000000dfc80000,0x00000000e2e00000)
 ParOldGen       total 172544K, used 76778K [0x0000000081800000, 0x000000008c080000, 0x00000000d5d80000)
  object space 172544K, 44% used [0x0000000081800000,0x00000000862fab58,0x000000008c080000)
 Metaspace       used 22741K, capacity 22934K, committed 23168K, reserved 1069056K
  class space    used 2801K, capacity 2873K, committed 2944K, reserved 1048576K
Event: 8.846 GC heap after
Heap after GC invocations=8 (full 2):
 PSYoungGen      total 162816K, used 35136K [0x00000000d5d80000, 0x00000000e3500000, 0x0000000100000000)
  eden space 112128K, 0% used [0x00000000d5d80000,0x00000000d5d80000,0x00000000dcb00000)
  from space 50688K, 69% used [0x00000000dfc80000,0x00000000e1ed0000,0x00000000e2e00000)
  to   space 50688K, 0% used [0x00000000dcb00000,0x00000000dcb00000,0x00000000dfc80000)
 ParOldGen       total 172544K, used 76778K [0x0000000081800000, 0x000000008c080000, 0x00000000d5d80000)
  object space 172544K, 44% used [0x0000000081800000,0x00000000862fab58,0x000000008c080000)
 Metaspace       used 22741K, capacity 22934K, committed 23168K, reserved 1069056K
  class space    used 2801K, capacity 2873K, committed 2944K, reserved 1048576K
}
Event: 9.255 GC heap before
{Heap before GC invocations=9 (full 2):
 PSYoungGen      total 162816K, used 147264K [0x00000000d5d80000, 0x00000000e3500000, 0x0000000100000000)
  eden space 112128K, 100% used [0x00000000d5d80000,0x00000000dcb00000,0x00000000dcb00000)
  from space 50688K, 69% used [0x00000000dfc80000,0x00000000e1ed0000,0x00000000e2e00000)
  to   space 50688K, 0% used [0x00000000dcb00000,0x00000000dcb00000,0x00000000dfc80000)
 ParOldGen       total 172544K, used 76778K [0x0000000081800000, 0x000000008c080000, 0x00000000d5d80000)
  object space 172544K, 44% used [0x0000000081800000,0x00000000862fab58,0x000000008c080000)
 Metaspace       used 22750K, capacity 23004K, committed 23424K, reserved 1069056K
  class space    used 2802K, capacity 2874K, committed 2944K, reserved 1048576K
Event: 9.358 GC heap after
Heap after GC invocations=9 (full 2):
 PSYoungGen      total 162816K, used 50688K [0x00000000d5d80000, 0x00000000ea480000, 0x0000000100000000)
  eden space 112128K, 0% used [0x00000000d5d80000,0x00000000d5d80000,0x00000000dcb00000)
  from space 50688K, 100% used [0x00000000dcb00000,0x00000000dfc80000,0x00000000dfc80000)
  to   space 63488K, 0% used [0x00000000e6680000,0x00000000e6680000,0x00000000ea480000)
 ParOldGen       total 172544K, used 86394K [0x0000000081800000, 0x000000008c080000, 0x00000000d5d80000)
  object space 172544K, 50% used [0x0000000081800000,0x0000000086c5eb58,0x000000008c080000)
 Metaspace       used 22750K, capacity 23004K, committed 23424K, reserved 1069056K
  class space    used 2802K, capacity 2874K, committed 2944K, reserved 1048576K
}

